<?xml version="1.0" encoding="UTF-8" ?>
<testsuite tests="4" failures="0" name="com.origamisoftware.teach.advanced.stock.DatabaseUtilsTest" time="0.325" errors="2" skipped="0">
  <properties>
[...]
</properties>
  <testcase classname="com.origamisoftware.teach.advanced.stock.DatabaseUtilsTest" name="testGoodInitFile" time="0.287">
    <error message="Could not initialize db because of:./src/main/sql/stocks_db_initialization.sql (No such file or directory)" type="com.origamisoftware.teach.advanced.stock.database.DatabaseInitializationException">com.origamisoftware.teach.advanced.stock.database.DatabaseInitializationException: Could not initialize db because of:./src/main/sql/stocks_db_initialization.sql (No such file or directory)
	at com.origamisoftware.teach.advanced.stock.database.DatabaseUtils.initializeDatabase(DatabaseUtils.java:72)
	at com.origamisoftware.teach.advanced.stock.DatabaseUtilsTest.testGoodInitFile(DatabaseUtilsTest.java:21)
	at java.base/jdk.internal.reflect.NativeMethodAccessorImpl.invoke0(Native Method)
	at java.base/jdk.internal.reflect.NativeMethodAccessorImpl.invoke(NativeMethodAccessorImpl.java:62)
	at java.base/jdk.internal.reflect.DelegatingMethodAccessorImpl.invoke(DelegatingMethodAccessorImpl.java:43)
	at java.base/java.lang.reflect.Method.invoke(Method.java:567)
	at org.junit.runners.model.FrameworkMethod$1.runReflectiveCall(FrameworkMethod.java:45)
	at org.junit.internal.runners.model.ReflectiveCallable.run(ReflectiveCallable.java:15)
	at org.junit.runners.model.FrameworkMethod.invokeExplosively(FrameworkMethod.java:42)
	at org.junit.internal.runners.statements.InvokeMethod.evaluate(InvokeMethod.java:20)
	at org.junit.runners.ParentRunner.runLeaf(ParentRunner.java:263)
	at org.junit.runners.BlockJUnit4ClassRunner.runChild(BlockJUnit4ClassRunner.java:68)
	at org.junit.runners.BlockJUnit4ClassRunner.runChild(BlockJUnit4ClassRunner.java:47)
	at org.junit.runners.ParentRunner$3.run(ParentRunner.java:231)
	at org.junit.runners.ParentRunner$1.schedule(ParentRunner.java:60)
	at org.junit.runners.ParentRunner.runChildren(ParentRunner.java:229)
	at org.junit.runners.ParentRunner.access$000(ParentRunner.java:50)
	at org.junit.runners.ParentRunner$2.evaluate(ParentRunner.java:222)
	at org.junit.runners.ParentRunner.run(ParentRunner.java:300)
	at org.apache.maven.surefire.junit4.JUnit4Provider.execute(JUnit4Provider.java:252)
	at org.apache.maven.surefire.junit4.JUnit4Provider.executeTestSet(JUnit4Provider.java:141)
	at org.apache.maven.surefire.junit4.JUnit4Provider.invoke(JUnit4Provider.java:112)
	at java.base/jdk.internal.reflect.NativeMethodAccessorImpl.invoke0(Native Method)
	at java.base/jdk.internal.reflect.NativeMethodAccessorImpl.invoke(NativeMethodAccessorImpl.java:62)
	at java.base/jdk.internal.reflect.DelegatingMethodAccessorImpl.invoke(DelegatingMethodAccessorImpl.java:43)
	at java.base/java.lang.reflect.Method.invoke(Method.java:567)
	at org.apache.maven.surefire.util.ReflectionUtils.invokeMethodWithArray(ReflectionUtils.java:189)
	at org.apache.maven.surefire.booter.ProviderFactory$ProviderProxy.invoke(ProviderFactory.java:165)
	at org.apache.maven.surefire.booter.ProviderFactory.invokeProvider(ProviderFactory.java:85)
	at org.apache.maven.surefire.booter.ForkedBooter.runSuitesInProcess(ForkedBooter.java:115)
	at org.apache.maven.surefire.booter.ForkedBooter.main(ForkedBooter.java:75)
Caused by: java.io.FileNotFoundException: ./src/main/sql/stocks_db_initialization.sql (No such file or directory)
	at java.base/java.io.FileInputStream.open0(Native Method)
	at java.base/java.io.FileInputStream.open(FileInputStream.java:213)
	at java.base/java.io.FileInputStream.&lt;init&gt;(FileInputStream.java:155)
	at java.base/java.io.FileInputStream.&lt;init&gt;(FileInputStream.java:110)
	at com.origamisoftware.teach.advanced.stock.database.DatabaseUtils.initializeDatabase(DatabaseUtils.java:61)
	... 30 more
</error>
  </testcase>
  <testcase classname="com.origamisoftware.teach.advanced.stock.DatabaseUtilsTest" name="testBadInitFile" time="0.013">
    <error message="Unexpected exception, expected&lt;com.origamisoftware.teach.advanced.stock.database.DatabaseException&gt; but was&lt;com.origamisoftware.teach.advanced.stock.database.DatabaseInitializationException&gt;" type="java.lang.Exception">java.lang.Exception: Unexpected exception, expected&lt;com.origamisoftware.teach.advanced.stock.database.DatabaseException&gt; but was&lt;com.origamisoftware.teach.advanced.stock.database.DatabaseInitializationException&gt;
	at org.junit.internal.runners.statements.ExpectException.evaluate(ExpectException.java:31)
	at org.junit.runners.ParentRunner.runLeaf(ParentRunner.java:263)
	at org.junit.runners.BlockJUnit4ClassRunner.runChild(BlockJUnit4ClassRunner.java:68)
	at org.junit.runners.BlockJUnit4ClassRunner.runChild(BlockJUnit4ClassRunner.java:47)
	at org.junit.runners.ParentRunner$3.run(ParentRunner.java:231)
	at org.junit.runners.ParentRunner$1.schedule(ParentRunner.java:60)
	at org.junit.runners.ParentRunner.runChildren(ParentRunner.java:229)
	at org.junit.runners.ParentRunner.access$000(ParentRunner.java:50)
	at org.junit.runners.ParentRunner$2.evaluate(ParentRunner.java:222)
	at org.junit.runners.ParentRunner.run(ParentRunner.java:300)
	at org.apache.maven.surefire.junit4.JUnit4Provider.execute(JUnit4Provider.java:252)
	at org.apache.maven.surefire.junit4.JUnit4Provider.executeTestSet(JUnit4Provider.java:141)
	at org.apache.maven.surefire.junit4.JUnit4Provider.invoke(JUnit4Provider.java:112)
	at java.base/jdk.internal.reflect.NativeMethodAccessorImpl.invoke0(Native Method)
	at java.base/jdk.internal.reflect.NativeMethodAccessorImpl.invoke(NativeMethodAccessorImpl.java:62)
	at java.base/jdk.internal.reflect.DelegatingMethodAccessorImpl.invoke(DelegatingMethodAccessorImpl.java:43)
	at java.base/java.lang.reflect.Method.invoke(Method.java:567)
	at org.apache.maven.surefire.util.ReflectionUtils.invokeMethodWithArray(ReflectionUtils.java:189)
	at org.apache.maven.surefire.booter.ProviderFactory$ProviderProxy.invoke(ProviderFactory.java:165)
	at org.apache.maven.surefire.booter.ProviderFactory.invokeProvider(ProviderFactory.java:85)
	at org.apache.maven.surefire.booter.ForkedBooter.runSuitesInProcess(ForkedBooter.java:115)
	at org.apache.maven.surefire.booter.ForkedBooter.main(ForkedBooter.java:75)
Caused by: com.origamisoftware.teach.advanced.stock.database.DatabaseInitializationException: Could not initialize db because of:bogus (No such file or directory)
	at com.origamisoftware.teach.advanced.stock.database.DatabaseUtils.initializeDatabase(DatabaseUtils.java:72)
	at com.origamisoftware.teach.advanced.stock.DatabaseUtilsTest.testBadInitFile(DatabaseUtilsTest.java:26)
	at java.base/jdk.internal.reflect.NativeMethodAccessorImpl.invoke0(Native Method)
	at java.base/jdk.internal.reflect.NativeMethodAccessorImpl.invoke(NativeMethodAccessorImpl.java:62)
	at java.base/jdk.internal.reflect.DelegatingMethodAccessorImpl.invoke(DelegatingMethodAccessorImpl.java:43)
	at java.base/java.lang.reflect.Method.invoke(Method.java:567)
	at org.junit.runners.model.FrameworkMethod$1.runReflectiveCall(FrameworkMethod.java:45)
	at org.junit.internal.runners.model.ReflectiveCallable.run(ReflectiveCallable.java:15)
	at org.junit.runners.model.FrameworkMethod.invokeExplosively(FrameworkMethod.java:42)
	at org.junit.internal.runners.statements.InvokeMethod.evaluate(InvokeMethod.java:20)
	at org.junit.internal.runners.statements.ExpectException.evaluate(ExpectException.java:22)
	... 21 more
Caused by: java.io.FileNotFoundException: bogus (No such file or directory)
	at java.base/java.io.FileInputStream.open0(Native Method)
	at java.base/java.io.FileInputStream.open(FileInputStream.java:213)
	at java.base/java.io.FileInputStream.&lt;init&gt;(FileInputStream.java:155)
	at java.base/java.io.FileInputStream.&lt;init&gt;(FileInputStream.java:110)
	at com.origamisoftware.teach.advanced.stock.database.DatabaseUtils.initializeDatabase(DatabaseUtils.java:61)
	... 31 more
</error>
  </testcase>
  <testcase classname="com.origamisoftware.teach.advanced.stock.DatabaseUtilsTest" name="testGetConnection" time="0.011"/>
  <testcase classname="com.origamisoftware.teach.advanced.stock.DatabaseUtilsTest" name="testGetConnectionWorks" time="0.014"/>
</testsuite>